[debug] [2020-01-12T23:56:45.031Z] ----------------------------------------------------------------------
[debug] [2020-01-12T23:56:45.032Z] Command:       C:\Program Files\nodejs\node.exe C:\Users\Andrew\AppData\Roaming\npm\node_modules\firebase-tools\lib\bin\firebase.js init
[debug] [2020-01-12T23:56:45.032Z] CLI Version:   7.11.0
[debug] [2020-01-12T23:56:45.032Z] Platform:      win32
[debug] [2020-01-12T23:56:45.032Z] Node Version:  v12.12.0
[debug] [2020-01-12T23:56:45.033Z] Time:          Sun Jan 12 2020 15:56:45 GMT-0800 (Pacific Standard Time)
[debug] [2020-01-12T23:56:45.033Z] ----------------------------------------------------------------------
[debug] [2020-01-12T23:56:45.033Z] 
[debug] [2020-01-12T23:56:45.038Z] > command requires scopes: ["email","openid","https://www.googleapis.com/auth/cloudplatformprojects.readonly","https://www.googleapis.com/auth/firebase","https://www.googleapis.com/auth/cloud-platform"]
[debug] [2020-01-12T23:56:45.038Z] > authorizing via signed-in user
[info] 
     ######## #### ########  ######## ########     ###     ######  ########
     ##        ##  ##     ## ##       ##     ##  ##   ##  ##       ##
     ######    ##  ########  ######   ########  #########  ######  ######
     ##        ##  ##    ##  ##       ##     ## ##     ##       ## ##
     ##       #### ##     ## ######## ########  ##     ##  ######  ########

You're about to initialize a Firebase project in this directory:

  C:\Users\Andrew\Development\forum-ui

Before we get started, keep in mind:

  * You are initializing in an existing Firebase project directory

[debug] [2020-01-12T23:56:51.625Z] Error: kill ENOSYS
    at process.kill (internal/process/per_thread.js:189:13)
    at process.listener (C:\Users\Andrew\AppData\Roaming\npm\node_modules\firebase-tools\node_modules\signal-exit\index.js:95:15)
    at process.emit (events.js:210:5)
[error] 
[error] Error: An unexpected error has occurred.
[debug] [2020-01-15T00:13:33.069Z] ----------------------------------------------------------------------
[debug] [2020-01-15T00:13:33.070Z] Command:       C:\Program Files\nodejs\node.exe C:\Users\Andrew\AppData\Roaming\npm\node_modules\firebase-tools\lib\bin\firebase.js deploy
[debug] [2020-01-15T00:13:33.070Z] CLI Version:   7.11.0
[debug] [2020-01-15T00:13:33.071Z] Platform:      win32
[debug] [2020-01-15T00:13:33.071Z] Node Version:  v12.12.0
[debug] [2020-01-15T00:13:33.071Z] Time:          Tue Jan 14 2020 16:13:33 GMT-0800 (Pacific Standard Time)
[debug] [2020-01-15T00:13:33.071Z] ----------------------------------------------------------------------
[debug] [2020-01-15T00:13:33.071Z] 
[debug] [2020-01-15T00:13:33.077Z] > command requires scopes: ["email","openid","https://www.googleapis.com/auth/cloudplatformprojects.readonly","https://www.googleapis.com/auth/firebase","https://www.googleapis.com/auth/cloud-platform"]
[debug] [2020-01-15T00:13:33.077Z] > authorizing via signed-in user
[debug] [2020-01-15T00:13:33.077Z] [iam] checking project forumui-92814 for permissions ["cloudfunctions.functions.create","cloudfunctions.functions.delete","cloudfunctions.functions.get","cloudfunctions.functions.list","cloudfunctions.functions.update","cloudfunctions.operations.get","firebase.projects.get","firebasehosting.sites.update"]
[debug] [2020-01-15T00:13:33.078Z] >>> HTTP REQUEST POST https://cloudresourcemanager.googleapis.com/v1/projects/forumui-92814:testIamPermissions  

[debug] [2020-01-15T00:13:33.353Z] <<< HTTP RESPONSE 200
[debug] [2020-01-15T00:13:33.355Z] >>> HTTP REQUEST GET https://firebase.googleapis.com/v1beta1/projects/forumui-92814  
 
[debug] [2020-01-15T00:13:33.532Z] <<< HTTP RESPONSE 200
[info] 
[info] === Deploying to 'forumui-92814'...
[info] 
[info] i  deploying functions, hosting
[debug] [2020-01-15T00:13:33.653Z] TypeError [ERR_INVALID_ARG_TYPE]: The "path" argument must be of type string. Received type undefined
    at validateString (internal/validators.js:112:11)
    at Object.join (path.js:375:7)
    at Config.path (C:\Users\Andrew\AppData\Roaming\npm\node_modules\firebase-tools\lib\config.js:149:39)
    at getChildEnvironment (C:\Users\Andrew\AppData\Roaming\npm\node_modules\firebase-tools\lib\deploy\lifecycleHooks.js:50:49)
    at runTargetCommands (C:\Users\Andrew\AppData\Roaming\npm\node_modules\firebase-tools\lib\deploy\lifecycleHooks.js:71:14)
    at C:\Users\Andrew\AppData\Roaming\npm\node_modules\firebase-tools\lib\deploy\lifecycleHooks.js:122:24
    at processTicksAndRejections (internal/process/task_queues.js:93:5)
[error] 
[error] Error: An unexpected error has occurred.
